2018-07-30 11:23:29.017  INFO 15888 --- [main] com.example.note.NoteAppApplication      : Starting NoteAppApplication on DINUKA-PC with PID 15888 (started by Administrator in C:\Users\Administrator\Desktop\Note Management Application\NoteApp)
2018-07-30 11:23:29.028  INFO 15888 --- [main] com.example.note.NoteAppApplication      : No active profile set, falling back to default profiles: default
2018-07-30 11:23:29.120  INFO 15888 --- [main] ConfigServletWebServerApplicationContext : Refreshing org.springframework.boot.web.servlet.context.AnnotationConfigServletWebServerApplicationContext@2dfb837c: startup date [Mon Jul 30 11:23:29 IST 2018]; root of context hierarchy
2018-07-30 11:23:31.599  INFO 15888 --- [main] trationDelegate$BeanPostProcessorChecker : Bean 'org.springframework.transaction.annotation.ProxyTransactionManagementConfiguration' of type [org.springframework.transaction.annotation.ProxyTransactionManagementConfiguration$$EnhancerBySpringCGLIB$$19edc4e5] is not eligible for getting processed by all BeanPostProcessors (for example: not eligible for auto-proxying)
2018-07-30 11:23:33.438  INFO 15888 --- [main] o.s.b.w.embedded.tomcat.TomcatWebServer  : Tomcat initialized with port(s): 8082 (http)
2018-07-30 11:23:33.500  INFO 15888 --- [main] o.apache.catalina.core.StandardService   : Starting service [Tomcat]
2018-07-30 11:23:33.502  INFO 15888 --- [main] org.apache.catalina.core.StandardEngine  : Starting Servlet Engine: Apache Tomcat/8.5.31
2018-07-30 11:23:33.528  INFO 15888 --- [localhost-startStop-1] o.a.catalina.core.AprLifecycleListener   : The APR based Apache Tomcat Native library which allows optimal performance in production environments was not found on the java.library.path: [C:\Program Files\Java\jdk1.8.0_131\bin;C:\WINDOWS\Sun\Java\bin;C:\WINDOWS\system32;C:\WINDOWS;C:\Program Files\Java\jdk1.8.0_131\bin;C:\Program Files (x86)\IBM\WebSphere MQ\Java\lib;C:\Program Files (x86)\IBM\WebSphere MQ\Java\lib64;C:\ProgramData\Oracle\Java\javapath;C:\Program Files (x86)\Intel\iCLS Client\;C:\Program Files\Intel\iCLS Client\;C:\WINDOWS\system32;C:\WINDOWS;C:\WINDOWS\System32\Wbem;C:\WINDOWS\System32\WindowsPowerShell\v1.0\;C:\Program Files (x86)\Intel\Intel(R) Management Engine Components\DAL;C:\Program Files\Intel\Intel(R) Management Engine Components\DAL;C:\Program Files (x86)\Intel\Intel(R) Management Engine Components\IPT;C:\Program Files\Intel\Intel(R) Management Engine Components\IPT;C:\Program Files\Google\Google Apps Sync\;C:\Program Files\Google\Google Apps Migration\;C:\Program Files (x86)\Microsoft SQL Server\Client SDK\ODBC\110\Tools\Binn\;C:\Program Files (x86)\Microsoft SQL Server\120\Tools\Binn\;C:\Program Files (x86)\Microsoft SQL Server\120\DTS\Binn\;C:\Program Files\nodejs\;C:\Program Files (x86)\IBM\WebSphere MQ\bin64;C:\Program Files (x86)\IBM\WebSphere MQ\bin;C:\Program Files (x86)\IBM\WebSphere MQ\tools\c\samples\bin;C:\Apache\apache-maven-3.2.2\bin;C:\Users\Administrator\AppData\Local\Microsoft\WindowsApps;;.]
2018-07-30 11:23:33.760  INFO 15888 --- [localhost-startStop-1] o.a.c.c.C.[Tomcat].[localhost].[/]       : Initializing Spring embedded WebApplicationContext
2018-07-30 11:23:33.762  INFO 15888 --- [localhost-startStop-1] o.s.web.context.ContextLoader            : Root WebApplicationContext: initialization completed in 4644 ms
2018-07-30 11:23:34.169  INFO 15888 --- [localhost-startStop-1] o.s.b.w.servlet.ServletRegistrationBean  : Servlet dispatcherServlet mapped to [/]
2018-07-30 11:23:34.183  INFO 15888 --- [localhost-startStop-1] o.s.b.w.servlet.FilterRegistrationBean   : Mapping filter: 'characterEncodingFilter' to: [/*]
2018-07-30 11:23:34.185  INFO 15888 --- [localhost-startStop-1] o.s.b.w.servlet.FilterRegistrationBean   : Mapping filter: 'hiddenHttpMethodFilter' to: [/*]
2018-07-30 11:23:34.186  INFO 15888 --- [localhost-startStop-1] o.s.b.w.servlet.FilterRegistrationBean   : Mapping filter: 'httpPutFormContentFilter' to: [/*]
2018-07-30 11:23:34.187  INFO 15888 --- [localhost-startStop-1] o.s.b.w.servlet.FilterRegistrationBean   : Mapping filter: 'requestContextFilter' to: [/*]
2018-07-30 11:23:34.581  INFO 15888 --- [main] com.zaxxer.hikari.HikariDataSource       : HikariPool-1 - Starting...
2018-07-30 11:23:35.099  INFO 15888 --- [main] com.zaxxer.hikari.HikariDataSource       : HikariPool-1 - Start completed.
2018-07-30 11:23:35.201  INFO 15888 --- [main] j.LocalContainerEntityManagerFactoryBean : Building JPA container EntityManagerFactory for persistence unit 'default'
2018-07-30 11:23:35.266  INFO 15888 --- [main] o.hibernate.jpa.internal.util.LogHelper  : HHH000204: Processing PersistenceUnitInfo [
	name: default
	...]
2018-07-30 11:23:35.453  INFO 15888 --- [main] org.hibernate.Version                    : HHH000412: Hibernate Core {5.2.17.Final}
2018-07-30 11:23:35.457  INFO 15888 --- [main] org.hibernate.cfg.Environment            : HHH000206: hibernate.properties not found
2018-07-30 11:23:35.541  INFO 15888 --- [main] o.hibernate.annotations.common.Version   : HCANN000001: Hibernate Commons Annotations {5.0.1.Final}
2018-07-30 11:23:36.603  INFO 15888 --- [main] org.hibernate.dialect.Dialect            : HHH000400: Using dialect: org.hibernate.dialect.MySQL5Dialect
2018-07-30 11:23:38.347  INFO 15888 --- [main] j.LocalContainerEntityManagerFactoryBean : Initialized JPA EntityManagerFactory for persistence unit 'default'
2018-07-30 11:23:39.317  INFO 15888 --- [main] o.s.w.s.handler.SimpleUrlHandlerMapping  : Mapped URL path [/**/favicon.ico] onto handler of type [class org.springframework.web.servlet.resource.ResourceHttpRequestHandler]
2018-07-30 11:23:40.075  INFO 15888 --- [main] s.w.s.m.m.a.RequestMappingHandlerAdapter : Looking for @ControllerAdvice: org.springframework.boot.web.servlet.context.AnnotationConfigServletWebServerApplicationContext@2dfb837c: startup date [Mon Jul 30 11:23:29 IST 2018]; root of context hierarchy
2018-07-30 11:23:40.184  WARN 15888 --- [main] aWebConfiguration$JpaWebMvcConfiguration : spring.jpa.open-in-view is enabled by default. Therefore, database queries may be performed during view rendering. Explicitly configure spring.jpa.open-in-view to disable this warning
2018-07-30 11:23:40.280  INFO 15888 --- [main] s.w.s.m.m.a.RequestMappingHandlerMapping : Mapped "{[/addnote],methods=[POST]}" onto public org.springframework.http.ResponseEntity com.example.note.controller.NoteController.addNote(java.lang.String,java.lang.String)
2018-07-30 11:23:40.289  INFO 15888 --- [main] s.w.s.m.m.a.RequestMappingHandlerMapping : Mapped "{[/editnote],methods=[POST]}" onto public org.springframework.http.ResponseEntity com.example.note.controller.NoteController.editnote(java.lang.String,java.lang.String,java.lang.Integer)
2018-07-30 11:23:40.290  INFO 15888 --- [main] s.w.s.m.m.a.RequestMappingHandlerMapping : Mapped "{[/viewAllNotes],methods=[GET]}" onto public org.springframework.http.ResponseEntity<java.util.ArrayList<com.example.note.entity.Note>> com.example.note.controller.NoteController.getAllNotes()
2018-07-30 11:23:40.293  INFO 15888 --- [main] s.w.s.m.m.a.RequestMappingHandlerMapping : Mapped "{[/deletenote],methods=[GET]}" onto public org.springframework.http.ResponseEntity com.example.note.controller.NoteController.removeNote(java.lang.String)
2018-07-30 11:23:40.303  INFO 15888 --- [main] s.w.s.m.m.a.RequestMappingHandlerMapping : Mapped "{[/error]}" onto public org.springframework.http.ResponseEntity<java.util.Map<java.lang.String, java.lang.Object>> org.springframework.boot.autoconfigure.web.servlet.error.BasicErrorController.error(javax.servlet.http.HttpServletRequest)
2018-07-30 11:23:40.307  INFO 15888 --- [main] s.w.s.m.m.a.RequestMappingHandlerMapping : Mapped "{[/error],produces=[text/html]}" onto public org.springframework.web.servlet.ModelAndView org.springframework.boot.autoconfigure.web.servlet.error.BasicErrorController.errorHtml(javax.servlet.http.HttpServletRequest,javax.servlet.http.HttpServletResponse)
2018-07-30 11:23:40.398  INFO 15888 --- [main] o.s.w.s.handler.SimpleUrlHandlerMapping  : Mapped URL path [/webjars/**] onto handler of type [class org.springframework.web.servlet.resource.ResourceHttpRequestHandler]
2018-07-30 11:23:40.404  INFO 15888 --- [main] o.s.w.s.handler.SimpleUrlHandlerMapping  : Mapped URL path [/**] onto handler of type [class org.springframework.web.servlet.resource.ResourceHttpRequestHandler]
2018-07-30 11:23:41.067  INFO 15888 --- [main] o.s.j.e.a.AnnotationMBeanExporter        : Registering beans for JMX exposure on startup
2018-07-30 11:23:41.076  INFO 15888 --- [main] o.s.j.e.a.AnnotationMBeanExporter        : Bean with name 'dataSource' has been autodetected for JMX exposure
2018-07-30 11:23:41.096  INFO 15888 --- [main] o.s.j.e.a.AnnotationMBeanExporter        : Located MBean 'dataSource': registering with JMX server as MBean [com.zaxxer.hikari:name=dataSource,type=HikariDataSource]
2018-07-30 11:23:41.247  INFO 15888 --- [main] o.s.b.w.embedded.tomcat.TomcatWebServer  : Tomcat started on port(s): 8082 (http) with context path ''
2018-07-30 11:23:41.259  INFO 15888 --- [main] com.example.note.NoteAppApplication      : Started NoteAppApplication in 13.246 seconds (JVM running for 35.6)
